2015-09-20 13:12:57 INFO  ContextLoader:285 - Root WebApplicationContext: initialization started
2015-09-20 13:12:57 INFO  AnnotationConfigWebApplicationContext:510 - Refreshing Root WebApplicationContext: startup date [Sun Sep 20 13:12:57 IST 2015]; root of context hierarchy
2015-09-20 13:12:57 INFO  AnnotationConfigWebApplicationContext:208 - Registering annotated classes: [class com.crossover.ecommerce.config.ApplicationContext,class com.crossover.ecommerce.config.SpringDataConfig,class com.crossover.ecommerce.config.SpringSecurityConfig,class com.crossover.ecommerce.config.ThymeleafConfig]
2015-09-20 13:12:57 INFO  DefaultListableBeanFactory:822 - Overriding bean definition for bean 'springSecurityFilterChain': replacing [Root bean: class [null]; scope=; abstract=false; lazyInit=false; autowireMode=3; dependencyCheck=0; autowireCandidate=true; primary=false; factoryBeanName=org.springframework.security.config.annotation.web.configuration.WebSecurityConfiguration; factoryMethodName=springSecurityFilterChain; initMethodName=null; destroyMethodName=(inferred); defined in class org.springframework.security.config.annotation.web.configuration.WebSecurityConfiguration] with [Root bean: class [null]; scope=; abstract=false; lazyInit=false; autowireMode=3; dependencyCheck=0; autowireCandidate=true; primary=false; factoryBeanName=springSecurityConfig; factoryMethodName=springSecurityFilterChain; initMethodName=null; destroyMethodName=(inferred); defined in com.crossover.ecommerce.config.SpringSecurityConfig]
2015-09-20 13:12:57 INFO  XmlBeanDefinitionReader:317 - Loading XML bean definitions from class path resource [spring-security.xml]
2015-09-20 13:12:57 INFO  SpringSecurityCoreVersion:59 - You are running with Spring Security Core null
2015-09-20 13:12:57 INFO  SecurityNamespaceHandler:73 - Couldn't determine package version information.
2015-09-20 13:12:58 INFO  DefaultListableBeanFactory:822 - Overriding bean definition for bean 'requestDataValueProcessor': replacing [Root bean: class [null]; scope=; abstract=false; lazyInit=false; autowireMode=3; dependencyCheck=0; autowireCandidate=true; primary=false; factoryBeanName=org.springframework.security.config.annotation.web.configuration.WebMvcSecurityConfiguration; factoryMethodName=requestDataValueProcessor; initMethodName=null; destroyMethodName=(inferred); defined in class path resource [org/springframework/security/config/annotation/web/configuration/WebMvcSecurityConfiguration.class]] with [Root bean: class [org.springframework.security.web.servlet.support.csrf.CsrfRequestDataValueProcessor]; scope=; abstract=false; lazyInit=false; autowireMode=0; dependencyCheck=0; autowireCandidate=true; primary=false; factoryBeanName=null; factoryMethodName=null; initMethodName=null; destroyMethodName=null]
2015-09-20 13:12:58 INFO  FilterInvocationSecurityMetadataSourceParser:158 - Creating access control expression attribute 'permitAll' for /admin/login
2015-09-20 13:12:58 INFO  FilterInvocationSecurityMetadataSourceParser:158 - Creating access control expression attribute 'permitAll' for /admin/logout
2015-09-20 13:12:58 INFO  FilterInvocationSecurityMetadataSourceParser:158 - Creating access control expression attribute 'hasRole('ROLE_ADMIN')' for /admin/member
2015-09-20 13:12:58 INFO  FilterInvocationSecurityMetadataSourceParser:158 - Creating access control expression attribute 'hasRole('ROLE_USER')' for /admin
2015-09-20 13:12:58 INFO  FilterInvocationSecurityMetadataSourceParser:158 - Creating access control expression attribute 'hasRole('ROLE_USER')' for /admin/order
2015-09-20 13:12:58 INFO  HttpSecurityBeanDefinitionParser:306 - Checking sorted filter chain: [Root bean: class [org.springframework.security.web.context.SecurityContextPersistenceFilter]; scope=; abstract=false; lazyInit=false; autowireMode=0; dependencyCheck=0; autowireCandidate=true; primary=false; factoryBeanName=null; factoryMethodName=null; initMethodName=null; destroyMethodName=null, order = 200, Root bean: class [org.springframework.security.web.context.request.async.WebAsyncManagerIntegrationFilter]; scope=; abstract=false; lazyInit=false; autowireMode=0; dependencyCheck=0; autowireCandidate=true; primary=false; factoryBeanName=null; factoryMethodName=null; initMethodName=null; destroyMethodName=null, order = 400, Root bean: class [org.springframework.security.web.header.HeaderWriterFilter]; scope=; abstract=false; lazyInit=false; autowireMode=0; dependencyCheck=0; autowireCandidate=true; primary=false; factoryBeanName=null; factoryMethodName=null; initMethodName=null; destroyMethodName=null, order = 500, Root bean: class [org.springframework.security.web.csrf.CsrfFilter]; scope=; abstract=false; lazyInit=false; autowireMode=0; dependencyCheck=0; autowireCandidate=true; primary=false; factoryBeanName=null; factoryMethodName=null; initMethodName=null; destroyMethodName=null, order = 600, Root bean: class [org.springframework.security.web.authentication.logout.LogoutFilter]; scope=; abstract=false; lazyInit=false; autowireMode=0; dependencyCheck=0; autowireCandidate=true; primary=false; factoryBeanName=null; factoryMethodName=null; initMethodName=null; destroyMethodName=null, order = 700, <org.springframework.security.web.authentication.UsernamePasswordAuthenticationFilter#0>, order = 1100, Root bean: class [org.springframework.security.web.authentication.www.BasicAuthenticationFilter]; scope=; abstract=false; lazyInit=false; autowireMode=0; dependencyCheck=0; autowireCandidate=true; primary=false; factoryBeanName=null; factoryMethodName=null; initMethodName=null; destroyMethodName=null, order = 1500, Root bean: class [org.springframework.security.web.savedrequest.RequestCacheAwareFilter]; scope=; abstract=false; lazyInit=false; autowireMode=0; dependencyCheck=0; autowireCandidate=true; primary=false; factoryBeanName=null; factoryMethodName=null; initMethodName=null; destroyMethodName=null, order = 1600, Root bean: class [org.springframework.security.web.servletapi.SecurityContextHolderAwareRequestFilter]; scope=; abstract=false; lazyInit=false; autowireMode=0; dependencyCheck=0; autowireCandidate=true; primary=false; factoryBeanName=null; factoryMethodName=null; initMethodName=null; destroyMethodName=null, order = 1700, Root bean: class [org.springframework.security.web.authentication.AnonymousAuthenticationFilter]; scope=; abstract=false; lazyInit=false; autowireMode=0; dependencyCheck=0; autowireCandidate=true; primary=false; factoryBeanName=null; factoryMethodName=null; initMethodName=null; destroyMethodName=null, order = 2000, Root bean: class [org.springframework.security.web.session.SessionManagementFilter]; scope=; abstract=false; lazyInit=false; autowireMode=0; dependencyCheck=0; autowireCandidate=true; primary=false; factoryBeanName=null; factoryMethodName=null; initMethodName=null; destroyMethodName=null, order = 2100, Root bean: class [org.springframework.security.web.access.ExceptionTranslationFilter]; scope=; abstract=false; lazyInit=false; autowireMode=0; dependencyCheck=0; autowireCandidate=true; primary=false; factoryBeanName=null; factoryMethodName=null; initMethodName=null; destroyMethodName=null, order = 2200, <org.springframework.security.web.access.intercept.FilterSecurityInterceptor#0>, order = 2300]
2015-09-20 13:12:58 INFO  AutowiredAnnotationBeanPostProcessor:153 - JSR-330 'javax.inject.Inject' annotation found and supported for autowiring
2015-09-20 13:12:58 INFO  DriverManagerDataSource:133 - Loaded JDBC driver: com.mysql.jdbc.Driver
2015-09-20 13:12:58 INFO  LocalContainerEntityManagerFactoryBean:339 - Building JPA container EntityManagerFactory for persistence unit 'default'
2015-09-20 13:12:58 INFO  LogHelper:46 - HHH000204: Processing PersistenceUnitInfo [
	name: default
	...]
2015-09-20 13:12:59 INFO  Version:54 - HHH000412: Hibernate Core {4.3.9.Final}
2015-09-20 13:12:59 INFO  Environment:239 - HHH000206: hibernate.properties not found
2015-09-20 13:12:59 INFO  Environment:346 - HHH000021: Bytecode provider name : javassist
2015-09-20 13:12:59 INFO  Version:66 - HCANN000001: Hibernate Commons Annotations {4.0.5.Final}
2015-09-20 13:13:00 INFO  Dialect:145 - HHH000400: Using dialect: org.hibernate.dialect.MySQLDialect
2015-09-20 13:13:00 INFO  ASTQueryTranslatorFactory:47 - HHH000397: Using ASTQueryTranslatorFactory
2015-09-20 13:13:02 INFO  SimpleUrlHandlerMapping:314 - Mapped URL path [/resources/**] onto handler of type [class org.springframework.web.servlet.resource.ResourceHttpRequestHandler]
2015-09-20 13:13:02 INFO  RequestMappingHandlerMapping:217 - Mapped "{[/admin],methods=[GET],params=[],headers=[],consumes=[],produces=[],custom=[]}" onto public java.lang.String com.crossover.ecommerce.controller.AdminConsoleController.customerConsole(org.springframework.ui.ModelMap)
2015-09-20 13:13:02 INFO  RequestMappingHandlerMapping:217 - Mapped "{[/admin/member],methods=[GET],params=[],headers=[],consumes=[],produces=[],custom=[]}" onto public java.lang.String com.crossover.ecommerce.controller.AdminConsoleController.memberConsole(org.springframework.ui.ModelMap)
2015-09-20 13:13:02 INFO  RequestMappingHandlerMapping:217 - Mapped "{[/admin/order],methods=[GET],params=[],headers=[],consumes=[],produces=[],custom=[]}" onto public java.lang.String com.crossover.ecommerce.controller.AdminConsoleController.orderConsole(org.springframework.ui.ModelMap)
2015-09-20 13:13:02 INFO  RequestMappingHandlerMapping:217 - Mapped "{[/admin/login],methods=[GET],params=[],headers=[],consumes=[],produces=[],custom=[]}" onto public java.lang.String com.crossover.ecommerce.controller.AdminConsoleController.loginConsole(boolean,org.springframework.ui.ModelMap)
2015-09-20 13:13:02 INFO  RequestMappingHandlerMapping:217 - Mapped "{[/],methods=[GET],params=[],headers=[],consumes=[],produces=[],custom=[]}" onto public java.lang.String com.crossover.ecommerce.controller.FrontStoreController.home(org.springframework.ui.ModelMap)
2015-09-20 13:13:02 INFO  RequestMappingHandlerMapping:217 - Mapped "{[/cart],methods=[GET],params=[],headers=[],consumes=[],produces=[],custom=[]}" onto public java.lang.String com.crossover.ecommerce.controller.FrontStoreController.cart(org.springframework.ui.ModelMap)
2015-09-20 13:13:02 INFO  RequestMappingHandlerMapping:217 - Mapped "{[/addToCart],methods=[GET],params=[],headers=[],consumes=[],produces=[],custom=[]}" onto public java.lang.String com.crossover.ecommerce.controller.FrontStoreController.addToCart(java.lang.Integer)
2015-09-20 13:13:02 INFO  RequestMappingHandlerMapping:217 - Mapped "{[/updateCart],methods=[POST],params=[],headers=[],consumes=[],produces=[],custom=[]}" onto public java.lang.String com.crossover.ecommerce.controller.FrontStoreController.updateCart(java.lang.Integer,java.lang.Integer)
2015-09-20 13:13:02 INFO  RequestMappingHandlerMapping:217 - Mapped "{[/getCartSize],methods=[GET],params=[],headers=[],consumes=[],produces=[],custom=[]}" onto public java.lang.String com.crossover.ecommerce.controller.FrontStoreController.getCartSize()
2015-09-20 13:13:02 INFO  RequestMappingHandlerMapping:217 - Mapped "{[/purchaseGuest],methods=[POST],params=[],headers=[],consumes=[],produces=[],custom=[]}" onto public java.lang.String com.crossover.ecommerce.controller.FrontStoreController.purchaseGuest(com.crossover.ecommerce.domain.Customer,org.springframework.ui.ModelMap)
2015-09-20 13:13:02 INFO  RequestMappingHandlerMapping:217 - Mapped "{[/clearCart],methods=[GET],params=[],headers=[],consumes=[],produces=[],custom=[]}" onto public java.lang.String com.crossover.ecommerce.controller.FrontStoreController.clearCart()
2015-09-20 13:13:02 INFO  RequestMappingHandlerMapping:217 - Mapped "{[/category],methods=[GET],params=[],headers=[],consumes=[],produces=[],custom=[]}" onto public java.lang.String com.crossover.ecommerce.controller.FrontStoreController.category(java.lang.Byte,org.springframework.ui.ModelMap)
2015-09-20 13:13:02 INFO  RequestMappingHandlerMapping:217 - Mapped "{[/validateMember],methods=[POST],params=[],headers=[],consumes=[],produces=[],custom=[]}" onto public java.lang.String com.crossover.ecommerce.controller.FrontStoreController.validateMember(java.lang.String)
2015-09-20 13:13:02 INFO  RequestMappingHandlerMapping:217 - Mapped "{[/purchaseMember],methods=[POST],params=[],headers=[],consumes=[],produces=[],custom=[]}" onto public java.lang.String com.crossover.ecommerce.controller.FrontStoreController.purchaseMember(java.lang.String,org.springframework.ui.ModelMap)
2015-09-20 13:13:02 INFO  RequestMappingHandlerMapping:217 - Mapped "{[/checkout],methods=[GET],params=[],headers=[],consumes=[],produces=[],custom=[]}" onto public java.lang.String com.crossover.ecommerce.controller.FrontStoreController.checkout(com.crossover.ecommerce.domain.Customer,org.springframework.ui.ModelMap)
2015-09-20 13:13:02 INFO  RequestMappingHandlerAdapter:517 - Looking for @ControllerAdvice: Root WebApplicationContext: startup date [Sun Sep 20 13:12:57 IST 2015]; root of context hierarchy
2015-09-20 13:13:02 INFO  DefaultSecurityFilterChain:28 - Creating filter chain: org.springframework.security.web.util.matcher.AnyRequestMatcher@1, [org.springframework.security.web.context.SecurityContextPersistenceFilter@f1aed2e, org.springframework.security.web.context.request.async.WebAsyncManagerIntegrationFilter@3b8dbbd, org.springframework.security.web.header.HeaderWriterFilter@4a7d2d59, org.springframework.security.web.csrf.CsrfFilter@7c9dc8f4, org.springframework.security.web.authentication.logout.LogoutFilter@24b639d4, org.springframework.security.web.authentication.UsernamePasswordAuthenticationFilter@61967bcc, org.springframework.security.web.authentication.www.BasicAuthenticationFilter@42a29542, org.springframework.security.web.savedrequest.RequestCacheAwareFilter@506a3f8a, org.springframework.security.web.servletapi.SecurityContextHolderAwareRequestFilter@4507c4ca, org.springframework.security.web.authentication.AnonymousAuthenticationFilter@171d8fbd, org.springframework.security.web.session.SessionManagementFilter@41c31099, org.springframework.security.web.access.ExceptionTranslationFilter@40d4e144, org.springframework.security.web.access.intercept.FilterSecurityInterceptor@3b0e4c00]
2015-09-20 13:13:02 INFO  DefaultFilterChainValidator:139 - Checking whether login URL '/admin/login' is accessible with your configuration
2015-09-20 13:13:03 INFO  ContextLoader:325 - Root WebApplicationContext: initialization completed in 6032 ms
2015-09-20 13:13:03 INFO  DispatcherServlet:484 - FrameworkServlet 'dispatcher': initialization started
2015-09-20 13:13:03 INFO  DispatcherServlet:503 - FrameworkServlet 'dispatcher': initialization completed in 17 ms
2015-09-20 13:13:06 INFO  TemplateEngine:825 - [THYMELEAF] INITIALIZING TEMPLATE ENGINE
2015-09-20 13:13:06 INFO  AbstractTemplateResolver:99 - [THYMELEAF] INITIALIZING TEMPLATE RESOLVER: org.thymeleaf.templateresolver.ServletContextTemplateResolver
2015-09-20 13:13:06 INFO  AbstractTemplateResolver:110 - [THYMELEAF] TEMPLATE RESOLVER INITIALIZED OK
2015-09-20 13:13:06 INFO  AbstractMessageResolver:72 - [THYMELEAF] INITIALIZING MESSAGE RESOLVER: org.thymeleaf.spring4.messageresolver.SpringMessageResolver
2015-09-20 13:13:06 INFO  AbstractMessageResolver:78 - [THYMELEAF] MESSAGE RESOLVER INITIALIZED OK
2015-09-20 13:13:06 INFO  CONFIG:123 - [THYMELEAF] TEMPLATE ENGINE CONFIGURATION:
[THYMELEAF] * Cache Factory implementation: org.thymeleaf.cache.StandardCacheManager
[THYMELEAF] * Template modes:
[THYMELEAF]     * XHTML
[THYMELEAF]     * HTML5
[THYMELEAF]     * VALIDXHTML
[THYMELEAF]     * XML
[THYMELEAF]     * VALIDXML
[THYMELEAF]     * LEGACYHTML5
[THYMELEAF] * Template resolvers (in order):
[THYMELEAF]     * org.thymeleaf.templateresolver.ServletContextTemplateResolver
[THYMELEAF] * Message resolvers (in order):
[THYMELEAF]     * org.thymeleaf.spring4.messageresolver.SpringMessageResolver
[THYMELEAF] * Dialect [1 of 3]: org.thymeleaf.spring4.dialect.SpringStandardDialect
[THYMELEAF]     * Prefix: "th"
[THYMELEAF] * Dialect [2 of 3]: org.thymeleaf.extras.springsecurity4.dialect.SpringSecurityDialect
[THYMELEAF]     * Prefix: "sec"
[THYMELEAF] * Dialect [3 of 3]: nz.net.ultraq.thymeleaf.LayoutDialect
[THYMELEAF]     * Prefix: "layout"
[THYMELEAF] TEMPLATE ENGINE CONFIGURED OK
2015-09-20 13:13:06 INFO  TemplateEngine:838 - [THYMELEAF] TEMPLATE ENGINE INITIALIZED
2015-09-20 13:13:32 HADOOP LogUtil:11 - _________________________________________________LOGGED_________________________________________________
2015-09-20 13:14:05 INFO  ContextLoader:285 - Root WebApplicationContext: initialization started
2015-09-20 13:14:05 INFO  AnnotationConfigWebApplicationContext:510 - Refreshing Root WebApplicationContext: startup date [Sun Sep 20 13:14:05 IST 2015]; root of context hierarchy
2015-09-20 13:14:05 INFO  AnnotationConfigWebApplicationContext:208 - Registering annotated classes: [class com.crossover.ecommerce.config.ApplicationContext,class com.crossover.ecommerce.config.SpringDataConfig,class com.crossover.ecommerce.config.SpringSecurityConfig,class com.crossover.ecommerce.config.ThymeleafConfig]
2015-09-20 13:14:06 INFO  DefaultListableBeanFactory:822 - Overriding bean definition for bean 'springSecurityFilterChain': replacing [Root bean: class [null]; scope=; abstract=false; lazyInit=false; autowireMode=3; dependencyCheck=0; autowireCandidate=true; primary=false; factoryBeanName=org.springframework.security.config.annotation.web.configuration.WebSecurityConfiguration; factoryMethodName=springSecurityFilterChain; initMethodName=null; destroyMethodName=(inferred); defined in class org.springframework.security.config.annotation.web.configuration.WebSecurityConfiguration] with [Root bean: class [null]; scope=; abstract=false; lazyInit=false; autowireMode=3; dependencyCheck=0; autowireCandidate=true; primary=false; factoryBeanName=springSecurityConfig; factoryMethodName=springSecurityFilterChain; initMethodName=null; destroyMethodName=(inferred); defined in com.crossover.ecommerce.config.SpringSecurityConfig]
2015-09-20 13:14:06 INFO  XmlBeanDefinitionReader:317 - Loading XML bean definitions from class path resource [spring-security.xml]
2015-09-20 13:14:06 INFO  SpringSecurityCoreVersion:59 - You are running with Spring Security Core null
2015-09-20 13:14:06 INFO  SecurityNamespaceHandler:73 - Couldn't determine package version information.
2015-09-20 13:14:06 INFO  DefaultListableBeanFactory:822 - Overriding bean definition for bean 'requestDataValueProcessor': replacing [Root bean: class [null]; scope=; abstract=false; lazyInit=false; autowireMode=3; dependencyCheck=0; autowireCandidate=true; primary=false; factoryBeanName=org.springframework.security.config.annotation.web.configuration.WebMvcSecurityConfiguration; factoryMethodName=requestDataValueProcessor; initMethodName=null; destroyMethodName=(inferred); defined in class path resource [org/springframework/security/config/annotation/web/configuration/WebMvcSecurityConfiguration.class]] with [Root bean: class [org.springframework.security.web.servlet.support.csrf.CsrfRequestDataValueProcessor]; scope=; abstract=false; lazyInit=false; autowireMode=0; dependencyCheck=0; autowireCandidate=true; primary=false; factoryBeanName=null; factoryMethodName=null; initMethodName=null; destroyMethodName=null]
2015-09-20 13:14:06 INFO  FilterInvocationSecurityMetadataSourceParser:158 - Creating access control expression attribute 'permitAll' for /admin/login
2015-09-20 13:14:06 INFO  FilterInvocationSecurityMetadataSourceParser:158 - Creating access control expression attribute 'permitAll' for /admin/logout
2015-09-20 13:14:06 INFO  FilterInvocationSecurityMetadataSourceParser:158 - Creating access control expression attribute 'hasRole('ROLE_ADMIN')' for /admin/member
2015-09-20 13:14:06 INFO  FilterInvocationSecurityMetadataSourceParser:158 - Creating access control expression attribute 'hasRole('ROLE_USER')' for /admin
2015-09-20 13:14:06 INFO  FilterInvocationSecurityMetadataSourceParser:158 - Creating access control expression attribute 'hasRole('ROLE_USER')' for /admin/order
2015-09-20 13:14:06 INFO  HttpSecurityBeanDefinitionParser:306 - Checking sorted filter chain: [Root bean: class [org.springframework.security.web.context.SecurityContextPersistenceFilter]; scope=; abstract=false; lazyInit=false; autowireMode=0; dependencyCheck=0; autowireCandidate=true; primary=false; factoryBeanName=null; factoryMethodName=null; initMethodName=null; destroyMethodName=null, order = 200, Root bean: class [org.springframework.security.web.context.request.async.WebAsyncManagerIntegrationFilter]; scope=; abstract=false; lazyInit=false; autowireMode=0; dependencyCheck=0; autowireCandidate=true; primary=false; factoryBeanName=null; factoryMethodName=null; initMethodName=null; destroyMethodName=null, order = 400, Root bean: class [org.springframework.security.web.header.HeaderWriterFilter]; scope=; abstract=false; lazyInit=false; autowireMode=0; dependencyCheck=0; autowireCandidate=true; primary=false; factoryBeanName=null; factoryMethodName=null; initMethodName=null; destroyMethodName=null, order = 500, Root bean: class [org.springframework.security.web.csrf.CsrfFilter]; scope=; abstract=false; lazyInit=false; autowireMode=0; dependencyCheck=0; autowireCandidate=true; primary=false; factoryBeanName=null; factoryMethodName=null; initMethodName=null; destroyMethodName=null, order = 600, Root bean: class [org.springframework.security.web.authentication.logout.LogoutFilter]; scope=; abstract=false; lazyInit=false; autowireMode=0; dependencyCheck=0; autowireCandidate=true; primary=false; factoryBeanName=null; factoryMethodName=null; initMethodName=null; destroyMethodName=null, order = 700, <org.springframework.security.web.authentication.UsernamePasswordAuthenticationFilter#0>, order = 1100, Root bean: class [org.springframework.security.web.authentication.www.BasicAuthenticationFilter]; scope=; abstract=false; lazyInit=false; autowireMode=0; dependencyCheck=0; autowireCandidate=true; primary=false; factoryBeanName=null; factoryMethodName=null; initMethodName=null; destroyMethodName=null, order = 1500, Root bean: class [org.springframework.security.web.savedrequest.RequestCacheAwareFilter]; scope=; abstract=false; lazyInit=false; autowireMode=0; dependencyCheck=0; autowireCandidate=true; primary=false; factoryBeanName=null; factoryMethodName=null; initMethodName=null; destroyMethodName=null, order = 1600, Root bean: class [org.springframework.security.web.servletapi.SecurityContextHolderAwareRequestFilter]; scope=; abstract=false; lazyInit=false; autowireMode=0; dependencyCheck=0; autowireCandidate=true; primary=false; factoryBeanName=null; factoryMethodName=null; initMethodName=null; destroyMethodName=null, order = 1700, Root bean: class [org.springframework.security.web.authentication.AnonymousAuthenticationFilter]; scope=; abstract=false; lazyInit=false; autowireMode=0; dependencyCheck=0; autowireCandidate=true; primary=false; factoryBeanName=null; factoryMethodName=null; initMethodName=null; destroyMethodName=null, order = 2000, Root bean: class [org.springframework.security.web.session.SessionManagementFilter]; scope=; abstract=false; lazyInit=false; autowireMode=0; dependencyCheck=0; autowireCandidate=true; primary=false; factoryBeanName=null; factoryMethodName=null; initMethodName=null; destroyMethodName=null, order = 2100, Root bean: class [org.springframework.security.web.access.ExceptionTranslationFilter]; scope=; abstract=false; lazyInit=false; autowireMode=0; dependencyCheck=0; autowireCandidate=true; primary=false; factoryBeanName=null; factoryMethodName=null; initMethodName=null; destroyMethodName=null, order = 2200, <org.springframework.security.web.access.intercept.FilterSecurityInterceptor#0>, order = 2300]
2015-09-20 13:14:07 INFO  AutowiredAnnotationBeanPostProcessor:153 - JSR-330 'javax.inject.Inject' annotation found and supported for autowiring
2015-09-20 13:14:07 INFO  DriverManagerDataSource:133 - Loaded JDBC driver: com.mysql.jdbc.Driver
2015-09-20 13:14:07 INFO  LocalContainerEntityManagerFactoryBean:339 - Building JPA container EntityManagerFactory for persistence unit 'default'
2015-09-20 13:14:07 INFO  LogHelper:46 - HHH000204: Processing PersistenceUnitInfo [
	name: default
	...]
2015-09-20 13:14:07 INFO  Version:54 - HHH000412: Hibernate Core {4.3.9.Final}
2015-09-20 13:14:07 INFO  Environment:239 - HHH000206: hibernate.properties not found
2015-09-20 13:14:07 INFO  Environment:346 - HHH000021: Bytecode provider name : javassist
2015-09-20 13:14:08 INFO  Version:66 - HCANN000001: Hibernate Commons Annotations {4.0.5.Final}
2015-09-20 13:14:08 INFO  Dialect:145 - HHH000400: Using dialect: org.hibernate.dialect.MySQLDialect
2015-09-20 13:14:09 INFO  ASTQueryTranslatorFactory:47 - HHH000397: Using ASTQueryTranslatorFactory
2015-09-20 13:14:11 INFO  RequestMappingHandlerAdapter:517 - Looking for @ControllerAdvice: Root WebApplicationContext: startup date [Sun Sep 20 13:14:05 IST 2015]; root of context hierarchy
2015-09-20 13:14:11 INFO  SimpleUrlHandlerMapping:314 - Mapped URL path [/resources/**] onto handler of type [class org.springframework.web.servlet.resource.ResourceHttpRequestHandler]
2015-09-20 13:14:11 INFO  RequestMappingHandlerMapping:217 - Mapped "{[/admin/login],methods=[GET],params=[],headers=[],consumes=[],produces=[],custom=[]}" onto public java.lang.String com.crossover.ecommerce.controller.AdminConsoleController.loginConsole(boolean,org.springframework.ui.ModelMap)
2015-09-20 13:14:11 INFO  RequestMappingHandlerMapping:217 - Mapped "{[/admin],methods=[GET],params=[],headers=[],consumes=[],produces=[],custom=[]}" onto public java.lang.String com.crossover.ecommerce.controller.AdminConsoleController.customerConsole(org.springframework.ui.ModelMap)
2015-09-20 13:14:11 INFO  RequestMappingHandlerMapping:217 - Mapped "{[/admin/member],methods=[GET],params=[],headers=[],consumes=[],produces=[],custom=[]}" onto public java.lang.String com.crossover.ecommerce.controller.AdminConsoleController.memberConsole(org.springframework.ui.ModelMap)
2015-09-20 13:14:11 INFO  RequestMappingHandlerMapping:217 - Mapped "{[/admin/order],methods=[GET],params=[],headers=[],consumes=[],produces=[],custom=[]}" onto public java.lang.String com.crossover.ecommerce.controller.AdminConsoleController.orderConsole(org.springframework.ui.ModelMap)
2015-09-20 13:14:11 INFO  RequestMappingHandlerMapping:217 - Mapped "{[/],methods=[GET],params=[],headers=[],consumes=[],produces=[],custom=[]}" onto public java.lang.String com.crossover.ecommerce.controller.FrontStoreController.home(org.springframework.ui.ModelMap)
2015-09-20 13:14:11 INFO  RequestMappingHandlerMapping:217 - Mapped "{[/cart],methods=[GET],params=[],headers=[],consumes=[],produces=[],custom=[]}" onto public java.lang.String com.crossover.ecommerce.controller.FrontStoreController.cart(org.springframework.ui.ModelMap)
2015-09-20 13:14:11 INFO  RequestMappingHandlerMapping:217 - Mapped "{[/updateCart],methods=[POST],params=[],headers=[],consumes=[],produces=[],custom=[]}" onto public java.lang.String com.crossover.ecommerce.controller.FrontStoreController.updateCart(java.lang.Integer,java.lang.Integer)
2015-09-20 13:14:11 INFO  RequestMappingHandlerMapping:217 - Mapped "{[/category],methods=[GET],params=[],headers=[],consumes=[],produces=[],custom=[]}" onto public java.lang.String com.crossover.ecommerce.controller.FrontStoreController.category(java.lang.Byte,org.springframework.ui.ModelMap)
2015-09-20 13:14:11 INFO  RequestMappingHandlerMapping:217 - Mapped "{[/purchaseGuest],methods=[POST],params=[],headers=[],consumes=[],produces=[],custom=[]}" onto public java.lang.String com.crossover.ecommerce.controller.FrontStoreController.purchaseGuest(com.crossover.ecommerce.domain.Customer,org.springframework.ui.ModelMap)
2015-09-20 13:14:11 INFO  RequestMappingHandlerMapping:217 - Mapped "{[/validateMember],methods=[POST],params=[],headers=[],consumes=[],produces=[],custom=[]}" onto public java.lang.String com.crossover.ecommerce.controller.FrontStoreController.validateMember(java.lang.String)
2015-09-20 13:14:11 INFO  RequestMappingHandlerMapping:217 - Mapped "{[/clearCart],methods=[GET],params=[],headers=[],consumes=[],produces=[],custom=[]}" onto public java.lang.String com.crossover.ecommerce.controller.FrontStoreController.clearCart()
2015-09-20 13:14:11 INFO  RequestMappingHandlerMapping:217 - Mapped "{[/checkout],methods=[GET],params=[],headers=[],consumes=[],produces=[],custom=[]}" onto public java.lang.String com.crossover.ecommerce.controller.FrontStoreController.checkout(com.crossover.ecommerce.domain.Customer,org.springframework.ui.ModelMap)
2015-09-20 13:14:11 INFO  RequestMappingHandlerMapping:217 - Mapped "{[/getCartSize],methods=[GET],params=[],headers=[],consumes=[],produces=[],custom=[]}" onto public java.lang.String com.crossover.ecommerce.controller.FrontStoreController.getCartSize()
2015-09-20 13:14:11 INFO  RequestMappingHandlerMapping:217 - Mapped "{[/purchaseMember],methods=[POST],params=[],headers=[],consumes=[],produces=[],custom=[]}" onto public java.lang.String com.crossover.ecommerce.controller.FrontStoreController.purchaseMember(java.lang.String,org.springframework.ui.ModelMap)
2015-09-20 13:14:11 INFO  RequestMappingHandlerMapping:217 - Mapped "{[/addToCart],methods=[GET],params=[],headers=[],consumes=[],produces=[],custom=[]}" onto public java.lang.String com.crossover.ecommerce.controller.FrontStoreController.addToCart(java.lang.Integer)
2015-09-20 13:14:11 INFO  DefaultSecurityFilterChain:28 - Creating filter chain: org.springframework.security.web.util.matcher.AnyRequestMatcher@1, [org.springframework.security.web.context.SecurityContextPersistenceFilter@30058fce, org.springframework.security.web.context.request.async.WebAsyncManagerIntegrationFilter@137cbf4, org.springframework.security.web.header.HeaderWriterFilter@73c0eb88, org.springframework.security.web.csrf.CsrfFilter@28ea65fd, org.springframework.security.web.authentication.logout.LogoutFilter@340df4d1, org.springframework.security.web.authentication.UsernamePasswordAuthenticationFilter@bdaf1cf, org.springframework.security.web.authentication.www.BasicAuthenticationFilter@7fb2d797, org.springframework.security.web.savedrequest.RequestCacheAwareFilter@48c9011, org.springframework.security.web.servletapi.SecurityContextHolderAwareRequestFilter@5f7c572d, org.springframework.security.web.authentication.AnonymousAuthenticationFilter@3749184, org.springframework.security.web.session.SessionManagementFilter@6a93e012, org.springframework.security.web.access.ExceptionTranslationFilter@a7ff949, org.springframework.security.web.access.intercept.FilterSecurityInterceptor@37871214]
2015-09-20 13:14:11 INFO  DefaultFilterChainValidator:139 - Checking whether login URL '/admin/login' is accessible with your configuration
2015-09-20 13:14:12 INFO  ContextLoader:325 - Root WebApplicationContext: initialization completed in 6236 ms
2015-09-20 13:14:12 INFO  DispatcherServlet:484 - FrameworkServlet 'dispatcher': initialization started
2015-09-20 13:14:12 INFO  DispatcherServlet:503 - FrameworkServlet 'dispatcher': initialization completed in 27 ms
2015-09-20 13:14:15 INFO  TemplateEngine:825 - [THYMELEAF] INITIALIZING TEMPLATE ENGINE
2015-09-20 13:14:15 INFO  AbstractTemplateResolver:99 - [THYMELEAF] INITIALIZING TEMPLATE RESOLVER: org.thymeleaf.templateresolver.ServletContextTemplateResolver
2015-09-20 13:14:15 INFO  AbstractTemplateResolver:110 - [THYMELEAF] TEMPLATE RESOLVER INITIALIZED OK
2015-09-20 13:14:15 INFO  AbstractMessageResolver:72 - [THYMELEAF] INITIALIZING MESSAGE RESOLVER: org.thymeleaf.spring4.messageresolver.SpringMessageResolver
2015-09-20 13:14:15 INFO  AbstractMessageResolver:78 - [THYMELEAF] MESSAGE RESOLVER INITIALIZED OK
2015-09-20 13:14:15 INFO  CONFIG:123 - [THYMELEAF] TEMPLATE ENGINE CONFIGURATION:
[THYMELEAF] * Cache Factory implementation: org.thymeleaf.cache.StandardCacheManager
[THYMELEAF] * Template modes:
[THYMELEAF]     * VALIDXHTML
[THYMELEAF]     * LEGACYHTML5
[THYMELEAF]     * VALIDXML
[THYMELEAF]     * HTML5
[THYMELEAF]     * XHTML
[THYMELEAF]     * XML
[THYMELEAF] * Template resolvers (in order):
[THYMELEAF]     * org.thymeleaf.templateresolver.ServletContextTemplateResolver
[THYMELEAF] * Message resolvers (in order):
[THYMELEAF]     * org.thymeleaf.spring4.messageresolver.SpringMessageResolver
[THYMELEAF] * Dialect [1 of 3]: org.thymeleaf.spring4.dialect.SpringStandardDialect
[THYMELEAF]     * Prefix: "th"
[THYMELEAF] * Dialect [2 of 3]: nz.net.ultraq.thymeleaf.LayoutDialect
[THYMELEAF]     * Prefix: "layout"
[THYMELEAF] * Dialect [3 of 3]: org.thymeleaf.extras.springsecurity4.dialect.SpringSecurityDialect
[THYMELEAF]     * Prefix: "sec"
[THYMELEAF] TEMPLATE ENGINE CONFIGURED OK
2015-09-20 13:14:15 INFO  TemplateEngine:838 - [THYMELEAF] TEMPLATE ENGINE INITIALIZED
2015-09-20 13:14:28 HADOOP LogUtil:11 - _________________________________________________LOGGED_________________________________________________
2015-09-20 13:44:18 INFO  ContextLoader:285 - Root WebApplicationContext: initialization started
2015-09-20 13:44:18 INFO  AnnotationConfigWebApplicationContext:510 - Refreshing Root WebApplicationContext: startup date [Sun Sep 20 13:44:18 IST 2015]; root of context hierarchy
2015-09-20 13:44:18 INFO  AnnotationConfigWebApplicationContext:208 - Registering annotated classes: [class com.crossover.ecommerce.config.ApplicationContext,class com.crossover.ecommerce.config.SpringDataConfig,class com.crossover.ecommerce.config.SpringSecurityConfig,class com.crossover.ecommerce.config.ThymeleafConfig]
2015-09-20 13:44:19 INFO  DefaultListableBeanFactory:822 - Overriding bean definition for bean 'springSecurityFilterChain': replacing [Root bean: class [null]; scope=; abstract=false; lazyInit=false; autowireMode=3; dependencyCheck=0; autowireCandidate=true; primary=false; factoryBeanName=org.springframework.security.config.annotation.web.configuration.WebSecurityConfiguration; factoryMethodName=springSecurityFilterChain; initMethodName=null; destroyMethodName=(inferred); defined in class org.springframework.security.config.annotation.web.configuration.WebSecurityConfiguration] with [Root bean: class [null]; scope=; abstract=false; lazyInit=false; autowireMode=3; dependencyCheck=0; autowireCandidate=true; primary=false; factoryBeanName=springSecurityConfig; factoryMethodName=springSecurityFilterChain; initMethodName=null; destroyMethodName=(inferred); defined in com.crossover.ecommerce.config.SpringSecurityConfig]
2015-09-20 13:44:19 INFO  XmlBeanDefinitionReader:317 - Loading XML bean definitions from class path resource [spring-security.xml]
2015-09-20 13:44:19 INFO  SpringSecurityCoreVersion:59 - You are running with Spring Security Core null
2015-09-20 13:44:19 INFO  SecurityNamespaceHandler:73 - Couldn't determine package version information.
2015-09-20 13:44:19 INFO  DefaultListableBeanFactory:822 - Overriding bean definition for bean 'requestDataValueProcessor': replacing [Root bean: class [null]; scope=; abstract=false; lazyInit=false; autowireMode=3; dependencyCheck=0; autowireCandidate=true; primary=false; factoryBeanName=org.springframework.security.config.annotation.web.configuration.WebMvcSecurityConfiguration; factoryMethodName=requestDataValueProcessor; initMethodName=null; destroyMethodName=(inferred); defined in class path resource [org/springframework/security/config/annotation/web/configuration/WebMvcSecurityConfiguration.class]] with [Root bean: class [org.springframework.security.web.servlet.support.csrf.CsrfRequestDataValueProcessor]; scope=; abstract=false; lazyInit=false; autowireMode=0; dependencyCheck=0; autowireCandidate=true; primary=false; factoryBeanName=null; factoryMethodName=null; initMethodName=null; destroyMethodName=null]
2015-09-20 13:44:19 INFO  FilterInvocationSecurityMetadataSourceParser:158 - Creating access control expression attribute 'permitAll' for /admin/login
2015-09-20 13:44:19 INFO  FilterInvocationSecurityMetadataSourceParser:158 - Creating access control expression attribute 'permitAll' for /admin/logout
2015-09-20 13:44:19 INFO  FilterInvocationSecurityMetadataSourceParser:158 - Creating access control expression attribute 'hasRole('ROLE_ADMIN')' for /admin/member
2015-09-20 13:44:19 INFO  FilterInvocationSecurityMetadataSourceParser:158 - Creating access control expression attribute 'hasRole('ROLE_USER')' for /admin
2015-09-20 13:44:19 INFO  FilterInvocationSecurityMetadataSourceParser:158 - Creating access control expression attribute 'hasRole('ROLE_USER')' for /admin/order
2015-09-20 13:44:19 INFO  HttpSecurityBeanDefinitionParser:306 - Checking sorted filter chain: [Root bean: class [org.springframework.security.web.context.SecurityContextPersistenceFilter]; scope=; abstract=false; lazyInit=false; autowireMode=0; dependencyCheck=0; autowireCandidate=true; primary=false; factoryBeanName=null; factoryMethodName=null; initMethodName=null; destroyMethodName=null, order = 200, Root bean: class [org.springframework.security.web.context.request.async.WebAsyncManagerIntegrationFilter]; scope=; abstract=false; lazyInit=false; autowireMode=0; dependencyCheck=0; autowireCandidate=true; primary=false; factoryBeanName=null; factoryMethodName=null; initMethodName=null; destroyMethodName=null, order = 400, Root bean: class [org.springframework.security.web.header.HeaderWriterFilter]; scope=; abstract=false; lazyInit=false; autowireMode=0; dependencyCheck=0; autowireCandidate=true; primary=false; factoryBeanName=null; factoryMethodName=null; initMethodName=null; destroyMethodName=null, order = 500, Root bean: class [org.springframework.security.web.csrf.CsrfFilter]; scope=; abstract=false; lazyInit=false; autowireMode=0; dependencyCheck=0; autowireCandidate=true; primary=false; factoryBeanName=null; factoryMethodName=null; initMethodName=null; destroyMethodName=null, order = 600, Root bean: class [org.springframework.security.web.authentication.logout.LogoutFilter]; scope=; abstract=false; lazyInit=false; autowireMode=0; dependencyCheck=0; autowireCandidate=true; primary=false; factoryBeanName=null; factoryMethodName=null; initMethodName=null; destroyMethodName=null, order = 700, <org.springframework.security.web.authentication.UsernamePasswordAuthenticationFilter#0>, order = 1100, Root bean: class [org.springframework.security.web.authentication.www.BasicAuthenticationFilter]; scope=; abstract=false; lazyInit=false; autowireMode=0; dependencyCheck=0; autowireCandidate=true; primary=false; factoryBeanName=null; factoryMethodName=null; initMethodName=null; destroyMethodName=null, order = 1500, Root bean: class [org.springframework.security.web.savedrequest.RequestCacheAwareFilter]; scope=; abstract=false; lazyInit=false; autowireMode=0; dependencyCheck=0; autowireCandidate=true; primary=false; factoryBeanName=null; factoryMethodName=null; initMethodName=null; destroyMethodName=null, order = 1600, Root bean: class [org.springframework.security.web.servletapi.SecurityContextHolderAwareRequestFilter]; scope=; abstract=false; lazyInit=false; autowireMode=0; dependencyCheck=0; autowireCandidate=true; primary=false; factoryBeanName=null; factoryMethodName=null; initMethodName=null; destroyMethodName=null, order = 1700, Root bean: class [org.springframework.security.web.authentication.AnonymousAuthenticationFilter]; scope=; abstract=false; lazyInit=false; autowireMode=0; dependencyCheck=0; autowireCandidate=true; primary=false; factoryBeanName=null; factoryMethodName=null; initMethodName=null; destroyMethodName=null, order = 2000, Root bean: class [org.springframework.security.web.session.SessionManagementFilter]; scope=; abstract=false; lazyInit=false; autowireMode=0; dependencyCheck=0; autowireCandidate=true; primary=false; factoryBeanName=null; factoryMethodName=null; initMethodName=null; destroyMethodName=null, order = 2100, Root bean: class [org.springframework.security.web.access.ExceptionTranslationFilter]; scope=; abstract=false; lazyInit=false; autowireMode=0; dependencyCheck=0; autowireCandidate=true; primary=false; factoryBeanName=null; factoryMethodName=null; initMethodName=null; destroyMethodName=null, order = 2200, <org.springframework.security.web.access.intercept.FilterSecurityInterceptor#0>, order = 2300]
2015-09-20 13:44:19 INFO  AutowiredAnnotationBeanPostProcessor:153 - JSR-330 'javax.inject.Inject' annotation found and supported for autowiring
2015-09-20 13:44:20 INFO  DriverManagerDataSource:133 - Loaded JDBC driver: com.mysql.jdbc.Driver
2015-09-20 13:44:20 INFO  LocalContainerEntityManagerFactoryBean:339 - Building JPA container EntityManagerFactory for persistence unit 'default'
2015-09-20 13:44:20 INFO  LogHelper:46 - HHH000204: Processing PersistenceUnitInfo [
	name: default
	...]
2015-09-20 13:44:20 INFO  Version:54 - HHH000412: Hibernate Core {4.3.9.Final}
2015-09-20 13:44:20 INFO  Environment:239 - HHH000206: hibernate.properties not found
2015-09-20 13:44:20 INFO  Environment:346 - HHH000021: Bytecode provider name : javassist
2015-09-20 13:44:20 INFO  Version:66 - HCANN000001: Hibernate Commons Annotations {4.0.5.Final}
2015-09-20 13:44:21 INFO  Dialect:145 - HHH000400: Using dialect: org.hibernate.dialect.MySQLDialect
2015-09-20 13:44:21 INFO  ASTQueryTranslatorFactory:47 - HHH000397: Using ASTQueryTranslatorFactory
2015-09-20 13:44:23 INFO  SimpleUrlHandlerMapping:314 - Mapped URL path [/resources/**] onto handler of type [class org.springframework.web.servlet.resource.ResourceHttpRequestHandler]
2015-09-20 13:44:23 INFO  RequestMappingHandlerMapping:217 - Mapped "{[/admin/member],methods=[GET],params=[],headers=[],consumes=[],produces=[],custom=[]}" onto public java.lang.String com.crossover.ecommerce.controller.AdminConsoleController.memberConsole(org.springframework.ui.ModelMap)
2015-09-20 13:44:23 INFO  RequestMappingHandlerMapping:217 - Mapped "{[/admin],methods=[GET],params=[],headers=[],consumes=[],produces=[],custom=[]}" onto public java.lang.String com.crossover.ecommerce.controller.AdminConsoleController.customerConsole(org.springframework.ui.ModelMap)
2015-09-20 13:44:23 INFO  RequestMappingHandlerMapping:217 - Mapped "{[/admin/login],methods=[GET],params=[],headers=[],consumes=[],produces=[],custom=[]}" onto public java.lang.String com.crossover.ecommerce.controller.AdminConsoleController.loginConsole(boolean,org.springframework.ui.ModelMap)
2015-09-20 13:44:23 INFO  RequestMappingHandlerMapping:217 - Mapped "{[/admin/order],methods=[GET],params=[],headers=[],consumes=[],produces=[],custom=[]}" onto public java.lang.String com.crossover.ecommerce.controller.AdminConsoleController.orderConsole(org.springframework.ui.ModelMap)
2015-09-20 13:44:23 INFO  RequestMappingHandlerMapping:217 - Mapped "{[/],methods=[GET],params=[],headers=[],consumes=[],produces=[],custom=[]}" onto public java.lang.String com.crossover.ecommerce.controller.FrontStoreController.home(org.springframework.ui.ModelMap)
2015-09-20 13:44:23 INFO  RequestMappingHandlerMapping:217 - Mapped "{[/category],methods=[GET],params=[],headers=[],consumes=[],produces=[],custom=[]}" onto public java.lang.String com.crossover.ecommerce.controller.FrontStoreController.category(java.lang.Byte,org.springframework.ui.ModelMap)
2015-09-20 13:44:23 INFO  RequestMappingHandlerMapping:217 - Mapped "{[/clearCart],methods=[GET],params=[],headers=[],consumes=[],produces=[],custom=[]}" onto public java.lang.String com.crossover.ecommerce.controller.FrontStoreController.clearCart()
2015-09-20 13:44:23 INFO  RequestMappingHandlerMapping:217 - Mapped "{[/checkout],methods=[GET],params=[],headers=[],consumes=[],produces=[],custom=[]}" onto public java.lang.String com.crossover.ecommerce.controller.FrontStoreController.checkout(com.crossover.ecommerce.domain.Customer,org.springframework.ui.ModelMap)
2015-09-20 13:44:23 INFO  RequestMappingHandlerMapping:217 - Mapped "{[/purchaseMember],methods=[POST],params=[],headers=[],consumes=[],produces=[],custom=[]}" onto public java.lang.String com.crossover.ecommerce.controller.FrontStoreController.purchaseMember(java.lang.String,org.springframework.ui.ModelMap)
2015-09-20 13:44:23 INFO  RequestMappingHandlerMapping:217 - Mapped "{[/validateMember],methods=[POST],params=[],headers=[],consumes=[],produces=[],custom=[]}" onto public java.lang.String com.crossover.ecommerce.controller.FrontStoreController.validateMember(java.lang.String)
2015-09-20 13:44:23 INFO  RequestMappingHandlerMapping:217 - Mapped "{[/addToCart],methods=[GET],params=[],headers=[],consumes=[],produces=[],custom=[]}" onto public java.lang.String com.crossover.ecommerce.controller.FrontStoreController.addToCart(java.lang.Integer)
2015-09-20 13:44:23 INFO  RequestMappingHandlerMapping:217 - Mapped "{[/getCartSize],methods=[GET],params=[],headers=[],consumes=[],produces=[],custom=[]}" onto public java.lang.String com.crossover.ecommerce.controller.FrontStoreController.getCartSize()
2015-09-20 13:44:23 INFO  RequestMappingHandlerMapping:217 - Mapped "{[/updateCart],methods=[POST],params=[],headers=[],consumes=[],produces=[],custom=[]}" onto public java.lang.String com.crossover.ecommerce.controller.FrontStoreController.updateCart(java.lang.Integer,java.lang.Integer)
2015-09-20 13:44:23 INFO  RequestMappingHandlerMapping:217 - Mapped "{[/purchaseGuest],methods=[POST],params=[],headers=[],consumes=[],produces=[],custom=[]}" onto public java.lang.String com.crossover.ecommerce.controller.FrontStoreController.purchaseGuest(com.crossover.ecommerce.domain.Customer,org.springframework.ui.ModelMap)
2015-09-20 13:44:23 INFO  RequestMappingHandlerMapping:217 - Mapped "{[/cart],methods=[GET],params=[],headers=[],consumes=[],produces=[],custom=[]}" onto public java.lang.String com.crossover.ecommerce.controller.FrontStoreController.cart(org.springframework.ui.ModelMap)
2015-09-20 13:44:23 INFO  RequestMappingHandlerAdapter:517 - Looking for @ControllerAdvice: Root WebApplicationContext: startup date [Sun Sep 20 13:44:18 IST 2015]; root of context hierarchy
2015-09-20 13:44:24 INFO  DefaultSecurityFilterChain:28 - Creating filter chain: org.springframework.security.web.util.matcher.AnyRequestMatcher@1, [org.springframework.security.web.context.SecurityContextPersistenceFilter@68539367, org.springframework.security.web.context.request.async.WebAsyncManagerIntegrationFilter@3f8df85f, org.springframework.security.web.header.HeaderWriterFilter@157529ef, org.springframework.security.web.csrf.CsrfFilter@5986ef5e, org.springframework.security.web.authentication.logout.LogoutFilter@2dba97a2, org.springframework.security.web.authentication.UsernamePasswordAuthenticationFilter@7d25dd4a, org.springframework.security.web.authentication.www.BasicAuthenticationFilter@41a3a950, org.springframework.security.web.savedrequest.RequestCacheAwareFilter@2fb14225, org.springframework.security.web.servletapi.SecurityContextHolderAwareRequestFilter@564fd7f6, org.springframework.security.web.authentication.AnonymousAuthenticationFilter@5539ff8, org.springframework.security.web.session.SessionManagementFilter@59e64f2b, org.springframework.security.web.access.ExceptionTranslationFilter@7c639e58, org.springframework.security.web.access.intercept.FilterSecurityInterceptor@54bb1645]
2015-09-20 13:44:24 INFO  DefaultFilterChainValidator:139 - Checking whether login URL '/admin/login' is accessible with your configuration
2015-09-20 13:44:24 INFO  ContextLoader:325 - Root WebApplicationContext: initialization completed in 6146 ms
2015-09-20 13:44:24 INFO  DispatcherServlet:484 - FrameworkServlet 'dispatcher': initialization started
2015-09-20 13:44:24 INFO  DispatcherServlet:503 - FrameworkServlet 'dispatcher': initialization completed in 41 ms
2015-09-20 13:44:28 INFO  TemplateEngine:825 - [THYMELEAF] INITIALIZING TEMPLATE ENGINE
2015-09-20 13:44:28 INFO  AbstractTemplateResolver:99 - [THYMELEAF] INITIALIZING TEMPLATE RESOLVER: org.thymeleaf.templateresolver.ServletContextTemplateResolver
2015-09-20 13:44:28 INFO  AbstractTemplateResolver:110 - [THYMELEAF] TEMPLATE RESOLVER INITIALIZED OK
2015-09-20 13:44:28 INFO  AbstractMessageResolver:72 - [THYMELEAF] INITIALIZING MESSAGE RESOLVER: org.thymeleaf.spring4.messageresolver.SpringMessageResolver
2015-09-20 13:44:28 INFO  AbstractMessageResolver:78 - [THYMELEAF] MESSAGE RESOLVER INITIALIZED OK
2015-09-20 13:44:28 INFO  CONFIG:123 - [THYMELEAF] TEMPLATE ENGINE CONFIGURATION:
[THYMELEAF] * Cache Factory implementation: org.thymeleaf.cache.StandardCacheManager
[THYMELEAF] * Template modes:
[THYMELEAF]     * VALIDXHTML
[THYMELEAF]     * HTML5
[THYMELEAF]     * XML
[THYMELEAF]     * LEGACYHTML5
[THYMELEAF]     * XHTML
[THYMELEAF]     * VALIDXML
[THYMELEAF] * Template resolvers (in order):
[THYMELEAF]     * org.thymeleaf.templateresolver.ServletContextTemplateResolver
[THYMELEAF] * Message resolvers (in order):
[THYMELEAF]     * org.thymeleaf.spring4.messageresolver.SpringMessageResolver
[THYMELEAF] * Dialect [1 of 3]: org.thymeleaf.spring4.dialect.SpringStandardDialect
[THYMELEAF]     * Prefix: "th"
[THYMELEAF] * Dialect [2 of 3]: nz.net.ultraq.thymeleaf.LayoutDialect
[THYMELEAF]     * Prefix: "layout"
[THYMELEAF] * Dialect [3 of 3]: org.thymeleaf.extras.springsecurity4.dialect.SpringSecurityDialect
[THYMELEAF]     * Prefix: "sec"
[THYMELEAF] TEMPLATE ENGINE CONFIGURED OK
2015-09-20 13:44:28 INFO  TemplateEngine:838 - [THYMELEAF] TEMPLATE ENGINE INITIALIZED
2015-09-20 13:45:04 HADOOP LogUtil:11 - _________________________________________________LOGGED_________________________________________________
2015-09-20 13:45:04 INFO  AdminConsoleController:32 - _INFO_______________________________________LOGGED_________________________________________________
2015-09-20 13:45:33 INFO  AnnotationConfigWebApplicationContext:862 - Closing Root WebApplicationContext: startup date [Sun Sep 20 13:44:18 IST 2015]; root of context hierarchy
2015-09-20 13:45:33 INFO  LocalContainerEntityManagerFactoryBean:462 - Closing JPA EntityManagerFactory for persistence unit 'default'
2015-09-20 13:45:34 INFO  ContextLoader:285 - Root WebApplicationContext: initialization started
2015-09-20 13:45:34 INFO  AnnotationConfigWebApplicationContext:510 - Refreshing Root WebApplicationContext: startup date [Sun Sep 20 13:45:34 IST 2015]; root of context hierarchy
2015-09-20 13:45:34 INFO  AnnotationConfigWebApplicationContext:208 - Registering annotated classes: [class com.crossover.ecommerce.config.ApplicationContext,class com.crossover.ecommerce.config.SpringDataConfig,class com.crossover.ecommerce.config.SpringSecurityConfig,class com.crossover.ecommerce.config.ThymeleafConfig]
2015-09-20 13:45:35 INFO  DefaultListableBeanFactory:822 - Overriding bean definition for bean 'springSecurityFilterChain': replacing [Root bean: class [null]; scope=; abstract=false; lazyInit=false; autowireMode=3; dependencyCheck=0; autowireCandidate=true; primary=false; factoryBeanName=org.springframework.security.config.annotation.web.configuration.WebSecurityConfiguration; factoryMethodName=springSecurityFilterChain; initMethodName=null; destroyMethodName=(inferred); defined in class org.springframework.security.config.annotation.web.configuration.WebSecurityConfiguration] with [Root bean: class [null]; scope=; abstract=false; lazyInit=false; autowireMode=3; dependencyCheck=0; autowireCandidate=true; primary=false; factoryBeanName=springSecurityConfig; factoryMethodName=springSecurityFilterChain; initMethodName=null; destroyMethodName=(inferred); defined in com.crossover.ecommerce.config.SpringSecurityConfig]
2015-09-20 13:45:35 INFO  XmlBeanDefinitionReader:317 - Loading XML bean definitions from class path resource [spring-security.xml]
2015-09-20 13:45:35 INFO  SpringSecurityCoreVersion:59 - You are running with Spring Security Core null
2015-09-20 13:45:35 INFO  SecurityNamespaceHandler:73 - Couldn't determine package version information.
2015-09-20 13:45:35 INFO  DefaultListableBeanFactory:822 - Overriding bean definition for bean 'requestDataValueProcessor': replacing [Root bean: class [null]; scope=; abstract=false; lazyInit=false; autowireMode=3; dependencyCheck=0; autowireCandidate=true; primary=false; factoryBeanName=org.springframework.security.config.annotation.web.configuration.WebMvcSecurityConfiguration; factoryMethodName=requestDataValueProcessor; initMethodName=null; destroyMethodName=(inferred); defined in class path resource [org/springframework/security/config/annotation/web/configuration/WebMvcSecurityConfiguration.class]] with [Root bean: class [org.springframework.security.web.servlet.support.csrf.CsrfRequestDataValueProcessor]; scope=; abstract=false; lazyInit=false; autowireMode=0; dependencyCheck=0; autowireCandidate=true; primary=false; factoryBeanName=null; factoryMethodName=null; initMethodName=null; destroyMethodName=null]
2015-09-20 13:45:35 INFO  FilterInvocationSecurityMetadataSourceParser:158 - Creating access control expression attribute 'permitAll' for /admin/login
2015-09-20 13:45:35 INFO  FilterInvocationSecurityMetadataSourceParser:158 - Creating access control expression attribute 'permitAll' for /admin/logout
2015-09-20 13:45:35 INFO  FilterInvocationSecurityMetadataSourceParser:158 - Creating access control expression attribute 'hasRole('ROLE_ADMIN')' for /admin/member
2015-09-20 13:45:35 INFO  FilterInvocationSecurityMetadataSourceParser:158 - Creating access control expression attribute 'hasRole('ROLE_USER')' for /admin
2015-09-20 13:45:35 INFO  FilterInvocationSecurityMetadataSourceParser:158 - Creating access control expression attribute 'hasRole('ROLE_USER')' for /admin/order
2015-09-20 13:45:35 INFO  HttpSecurityBeanDefinitionParser:306 - Checking sorted filter chain: [Root bean: class [org.springframework.security.web.context.SecurityContextPersistenceFilter]; scope=; abstract=false; lazyInit=false; autowireMode=0; dependencyCheck=0; autowireCandidate=true; primary=false; factoryBeanName=null; factoryMethodName=null; initMethodName=null; destroyMethodName=null, order = 200, Root bean: class [org.springframework.security.web.context.request.async.WebAsyncManagerIntegrationFilter]; scope=; abstract=false; lazyInit=false; autowireMode=0; dependencyCheck=0; autowireCandidate=true; primary=false; factoryBeanName=null; factoryMethodName=null; initMethodName=null; destroyMethodName=null, order = 400, Root bean: class [org.springframework.security.web.header.HeaderWriterFilter]; scope=; abstract=false; lazyInit=false; autowireMode=0; dependencyCheck=0; autowireCandidate=true; primary=false; factoryBeanName=null; factoryMethodName=null; initMethodName=null; destroyMethodName=null, order = 500, Root bean: class [org.springframework.security.web.csrf.CsrfFilter]; scope=; abstract=false; lazyInit=false; autowireMode=0; dependencyCheck=0; autowireCandidate=true; primary=false; factoryBeanName=null; factoryMethodName=null; initMethodName=null; destroyMethodName=null, order = 600, Root bean: class [org.springframework.security.web.authentication.logout.LogoutFilter]; scope=; abstract=false; lazyInit=false; autowireMode=0; dependencyCheck=0; autowireCandidate=true; primary=false; factoryBeanName=null; factoryMethodName=null; initMethodName=null; destroyMethodName=null, order = 700, <org.springframework.security.web.authentication.UsernamePasswordAuthenticationFilter#0>, order = 1100, Root bean: class [org.springframework.security.web.authentication.www.BasicAuthenticationFilter]; scope=; abstract=false; lazyInit=false; autowireMode=0; dependencyCheck=0; autowireCandidate=true; primary=false; factoryBeanName=null; factoryMethodName=null; initMethodName=null; destroyMethodName=null, order = 1500, Root bean: class [org.springframework.security.web.savedrequest.RequestCacheAwareFilter]; scope=; abstract=false; lazyInit=false; autowireMode=0; dependencyCheck=0; autowireCandidate=true; primary=false; factoryBeanName=null; factoryMethodName=null; initMethodName=null; destroyMethodName=null, order = 1600, Root bean: class [org.springframework.security.web.servletapi.SecurityContextHolderAwareRequestFilter]; scope=; abstract=false; lazyInit=false; autowireMode=0; dependencyCheck=0; autowireCandidate=true; primary=false; factoryBeanName=null; factoryMethodName=null; initMethodName=null; destroyMethodName=null, order = 1700, Root bean: class [org.springframework.security.web.authentication.AnonymousAuthenticationFilter]; scope=; abstract=false; lazyInit=false; autowireMode=0; dependencyCheck=0; autowireCandidate=true; primary=false; factoryBeanName=null; factoryMethodName=null; initMethodName=null; destroyMethodName=null, order = 2000, Root bean: class [org.springframework.security.web.session.SessionManagementFilter]; scope=; abstract=false; lazyInit=false; autowireMode=0; dependencyCheck=0; autowireCandidate=true; primary=false; factoryBeanName=null; factoryMethodName=null; initMethodName=null; destroyMethodName=null, order = 2100, Root bean: class [org.springframework.security.web.access.ExceptionTranslationFilter]; scope=; abstract=false; lazyInit=false; autowireMode=0; dependencyCheck=0; autowireCandidate=true; primary=false; factoryBeanName=null; factoryMethodName=null; initMethodName=null; destroyMethodName=null, order = 2200, <org.springframework.security.web.access.intercept.FilterSecurityInterceptor#0>, order = 2300]
2015-09-20 13:45:35 INFO  AutowiredAnnotationBeanPostProcessor:153 - JSR-330 'javax.inject.Inject' annotation found and supported for autowiring
2015-09-20 13:45:35 INFO  DriverManagerDataSource:133 - Loaded JDBC driver: com.mysql.jdbc.Driver
2015-09-20 13:45:35 INFO  LocalContainerEntityManagerFactoryBean:339 - Building JPA container EntityManagerFactory for persistence unit 'default'
2015-09-20 13:45:35 INFO  LogHelper:46 - HHH000204: Processing PersistenceUnitInfo [
	name: default
	...]
2015-09-20 13:45:36 INFO  Version:54 - HHH000412: Hibernate Core {4.3.9.Final}
2015-09-20 13:45:36 INFO  Environment:239 - HHH000206: hibernate.properties not found
2015-09-20 13:45:36 INFO  Environment:346 - HHH000021: Bytecode provider name : javassist
2015-09-20 13:45:36 INFO  Version:66 - HCANN000001: Hibernate Commons Annotations {4.0.5.Final}
2015-09-20 13:45:37 INFO  Dialect:145 - HHH000400: Using dialect: org.hibernate.dialect.MySQLDialect
2015-09-20 13:45:37 INFO  ASTQueryTranslatorFactory:47 - HHH000397: Using ASTQueryTranslatorFactory
2015-09-20 13:45:38 INFO  SimpleUrlHandlerMapping:314 - Mapped URL path [/resources/**] onto handler of type [class org.springframework.web.servlet.resource.ResourceHttpRequestHandler]
2015-09-20 13:45:39 INFO  RequestMappingHandlerMapping:217 - Mapped "{[/admin/member],methods=[GET],params=[],headers=[],consumes=[],produces=[],custom=[]}" onto public java.lang.String com.crossover.ecommerce.controller.AdminConsoleController.memberConsole(org.springframework.ui.ModelMap)
2015-09-20 13:45:39 INFO  RequestMappingHandlerMapping:217 - Mapped "{[/admin],methods=[GET],params=[],headers=[],consumes=[],produces=[],custom=[]}" onto public java.lang.String com.crossover.ecommerce.controller.AdminConsoleController.customerConsole(org.springframework.ui.ModelMap)
2015-09-20 13:45:39 INFO  RequestMappingHandlerMapping:217 - Mapped "{[/admin/login],methods=[GET],params=[],headers=[],consumes=[],produces=[],custom=[]}" onto public java.lang.String com.crossover.ecommerce.controller.AdminConsoleController.loginConsole(boolean,org.springframework.ui.ModelMap)
2015-09-20 13:45:39 INFO  RequestMappingHandlerMapping:217 - Mapped "{[/admin/order],methods=[GET],params=[],headers=[],consumes=[],produces=[],custom=[]}" onto public java.lang.String com.crossover.ecommerce.controller.AdminConsoleController.orderConsole(org.springframework.ui.ModelMap)
2015-09-20 13:45:39 INFO  RequestMappingHandlerMapping:217 - Mapped "{[/],methods=[GET],params=[],headers=[],consumes=[],produces=[],custom=[]}" onto public java.lang.String com.crossover.ecommerce.controller.FrontStoreController.home(org.springframework.ui.ModelMap)
2015-09-20 13:45:39 INFO  RequestMappingHandlerMapping:217 - Mapped "{[/category],methods=[GET],params=[],headers=[],consumes=[],produces=[],custom=[]}" onto public java.lang.String com.crossover.ecommerce.controller.FrontStoreController.category(java.lang.Byte,org.springframework.ui.ModelMap)
2015-09-20 13:45:39 INFO  RequestMappingHandlerMapping:217 - Mapped "{[/clearCart],methods=[GET],params=[],headers=[],consumes=[],produces=[],custom=[]}" onto public java.lang.String com.crossover.ecommerce.controller.FrontStoreController.clearCart()
2015-09-20 13:45:39 INFO  RequestMappingHandlerMapping:217 - Mapped "{[/checkout],methods=[GET],params=[],headers=[],consumes=[],produces=[],custom=[]}" onto public java.lang.String com.crossover.ecommerce.controller.FrontStoreController.checkout(com.crossover.ecommerce.domain.Customer,org.springframework.ui.ModelMap)
2015-09-20 13:45:39 INFO  RequestMappingHandlerMapping:217 - Mapped "{[/purchaseMember],methods=[POST],params=[],headers=[],consumes=[],produces=[],custom=[]}" onto public java.lang.String com.crossover.ecommerce.controller.FrontStoreController.purchaseMember(java.lang.String,org.springframework.ui.ModelMap)
2015-09-20 13:45:39 INFO  RequestMappingHandlerMapping:217 - Mapped "{[/validateMember],methods=[POST],params=[],headers=[],consumes=[],produces=[],custom=[]}" onto public java.lang.String com.crossover.ecommerce.controller.FrontStoreController.validateMember(java.lang.String)
2015-09-20 13:45:39 INFO  RequestMappingHandlerMapping:217 - Mapped "{[/addToCart],methods=[GET],params=[],headers=[],consumes=[],produces=[],custom=[]}" onto public java.lang.String com.crossover.ecommerce.controller.FrontStoreController.addToCart(java.lang.Integer)
2015-09-20 13:45:39 INFO  RequestMappingHandlerMapping:217 - Mapped "{[/getCartSize],methods=[GET],params=[],headers=[],consumes=[],produces=[],custom=[]}" onto public java.lang.String com.crossover.ecommerce.controller.FrontStoreController.getCartSize()
2015-09-20 13:45:39 INFO  RequestMappingHandlerMapping:217 - Mapped "{[/updateCart],methods=[POST],params=[],headers=[],consumes=[],produces=[],custom=[]}" onto public java.lang.String com.crossover.ecommerce.controller.FrontStoreController.updateCart(java.lang.Integer,java.lang.Integer)
2015-09-20 13:45:39 INFO  RequestMappingHandlerMapping:217 - Mapped "{[/purchaseGuest],methods=[POST],params=[],headers=[],consumes=[],produces=[],custom=[]}" onto public java.lang.String com.crossover.ecommerce.controller.FrontStoreController.purchaseGuest(com.crossover.ecommerce.domain.Customer,org.springframework.ui.ModelMap)
2015-09-20 13:45:39 INFO  RequestMappingHandlerMapping:217 - Mapped "{[/cart],methods=[GET],params=[],headers=[],consumes=[],produces=[],custom=[]}" onto public java.lang.String com.crossover.ecommerce.controller.FrontStoreController.cart(org.springframework.ui.ModelMap)
2015-09-20 13:45:39 INFO  RequestMappingHandlerAdapter:517 - Looking for @ControllerAdvice: Root WebApplicationContext: startup date [Sun Sep 20 13:45:34 IST 2015]; root of context hierarchy
2015-09-20 13:45:39 INFO  DefaultSecurityFilterChain:28 - Creating filter chain: org.springframework.security.web.util.matcher.AnyRequestMatcher@1, [org.springframework.security.web.context.SecurityContextPersistenceFilter@33b3b0d6, org.springframework.security.web.context.request.async.WebAsyncManagerIntegrationFilter@1a3d1052, org.springframework.security.web.header.HeaderWriterFilter@32c1667d, org.springframework.security.web.csrf.CsrfFilter@2781521a, org.springframework.security.web.authentication.logout.LogoutFilter@99a733c, org.springframework.security.web.authentication.UsernamePasswordAuthenticationFilter@7b575ddd, org.springframework.security.web.authentication.www.BasicAuthenticationFilter@421c3e44, org.springframework.security.web.savedrequest.RequestCacheAwareFilter@6fa0a59f, org.springframework.security.web.servletapi.SecurityContextHolderAwareRequestFilter@35f928c4, org.springframework.security.web.authentication.AnonymousAuthenticationFilter@74013213, org.springframework.security.web.session.SessionManagementFilter@574cdcc9, org.springframework.security.web.access.ExceptionTranslationFilter@3d2a07e2, org.springframework.security.web.access.intercept.FilterSecurityInterceptor@41e9a78b]
2015-09-20 13:45:39 INFO  DefaultFilterChainValidator:139 - Checking whether login URL '/admin/login' is accessible with your configuration
